<?xml version="1.0" encoding="UTF-8"?>
<!-- Generated by org.testng.reporters.JUnitReportReporter -->
<testsuite hostname="Pranali-PC" failures="0" tests="1" name="team.tom.Logininformation" time="153.541" errors="0" timestamp="22 Mar 2022 06:24:31 GMT">
  <testcase classname="team.tom.Logininformation" name="basepagenavigation" time="153.541"/>
</testsuite> <!-- team.tom.Logininformation -->
