<?xml version="1.0" encoding="UTF-8"?>
<!-- Generated by org.testng.reporters.JUnitReportReporter -->
<testsuite hostname="Pranali-PC" failures="0" tests="1" name="team.tom.Logininformation" time="160.187" errors="0" timestamp="20 Mar 2022 18:50:24 GMT">
  <testcase classname="team.tom.Logininformation" name="basepagenavigation" time="160.187"/>
</testsuite> <!-- team.tom.Logininformation -->
